<?xml version="1.0" encoding="UTF-8"?>
<testsuite name="com.example.chatter.presentation.api.AuthRestControllerTest" tests="2" skipped="0" failures="0" errors="0" timestamp="2024-06-23T03:07:41" hostname="omarhammad" time="0.837">
  <properties/>
  <testcase name="sendAndVerifyOtpCodeSuccess()" classname="com.example.chatter.presentation.api.AuthRestControllerTest" time="0.814"/>
  <testcase name="sendOtpCodeWithWrongEmail()" classname="com.example.chatter.presentation.api.AuthRestControllerTest" time="0.023"/>
  <system-out><![CDATA[05:07:39.311 [Test worker] INFO org.springframework.test.context.support.AnnotationConfigContextLoaderUtils -- Could not detect default configuration classes for test class [com.example.chatter.presentation.api.AuthRestControllerTest]: AuthRestControllerTest does not declare any static, non-private, non-final, nested classes annotated with @Configuration.
05:07:39.367 [Test worker] INFO org.springframework.boot.test.context.SpringBootTestContextBootstrapper -- Found @SpringBootConfiguration com.example.chatter.ChatterApplication for test class com.example.chatter.presentation.api.AuthRestControllerTest

  .   ____          _            __ _ _
 /\\ / ___'_ __ _ _(_)_ __  __ _ \ \ \ \
( ( )\___ | '_ | '_| | '_ \/ _` | \ \ \ \
 \\/  ___)| |_)| | | | | || (_| |  ) ) ) )
  '  |____| .__|_| |_|_| |_\__, | / / / /
 =========|_|==============|___/=/_/_/_/

 :: Spring Boot ::                (v3.3.1)

2024-06-23T05:07:39.554+02:00  INFO 159535 --- [chatter] [    Test worker] c.e.c.p.api.AuthRestControllerTest       : Starting AuthRestControllerTest using Java 22.0.1 with PID 159535 (started by omarhammad in /home/omarhammad/IdeaProjects/chatter_api)
2024-06-23T05:07:39.555+02:00  INFO 159535 --- [chatter] [    Test worker] c.e.c.p.api.AuthRestControllerTest       : The following 1 profile is active: "test"
2024-06-23T05:07:39.901+02:00  INFO 159535 --- [chatter] [    Test worker] .s.d.r.c.RepositoryConfigurationDelegate : Bootstrapping Spring Data JPA repositories in DEFAULT mode.
2024-06-23T05:07:39.929+02:00  INFO 159535 --- [chatter] [    Test worker] .s.d.r.c.RepositoryConfigurationDelegate : Finished Spring Data repository scanning in 24 ms. Found 4 JPA repository interfaces.
2024-06-23T05:07:40.172+02:00  INFO 159535 --- [chatter] [    Test worker] o.hibernate.jpa.internal.util.LogHelper  : HHH000204: Processing PersistenceUnitInfo [name: default]
2024-06-23T05:07:40.199+02:00  INFO 159535 --- [chatter] [    Test worker] org.hibernate.Version                    : HHH000412: Hibernate ORM core version 6.5.2.Final
2024-06-23T05:07:40.214+02:00  INFO 159535 --- [chatter] [    Test worker] o.h.c.internal.RegionFactoryInitiator    : HHH000026: Second-level cache disabled
2024-06-23T05:07:40.347+02:00  INFO 159535 --- [chatter] [    Test worker] o.s.o.j.p.SpringPersistenceUnitInfo      : No LoadTimeWeaver setup: ignoring JPA class transformer
2024-06-23T05:07:40.358+02:00  INFO 159535 --- [chatter] [    Test worker] com.zaxxer.hikari.HikariDataSource       : HikariPool-1 - Starting...
2024-06-23T05:07:40.434+02:00  INFO 159535 --- [chatter] [    Test worker] com.zaxxer.hikari.pool.HikariPool        : HikariPool-1 - Added connection org.postgresql.jdbc.PgConnection@1ad1b737
2024-06-23T05:07:40.435+02:00  INFO 159535 --- [chatter] [    Test worker] com.zaxxer.hikari.HikariDataSource       : HikariPool-1 - Start completed.
2024-06-23T05:07:40.451+02:00  WARN 159535 --- [chatter] [    Test worker] org.hibernate.orm.deprecation            : HHH90000025: PostgreSQLDialect does not need to be specified explicitly using 'hibernate.dialect' (remove the property setting and it will be selected by default)
2024-06-23T05:07:40.883+02:00  INFO 159535 --- [chatter] [    Test worker] o.h.e.t.j.p.i.JtaPlatformInitiator       : HHH000489: No JTA platform available (set 'hibernate.transaction.jta.platform' to enable JTA platform integration)
2024-06-23T05:07:40.957+02:00  INFO 159535 --- [chatter] [    Test worker] j.LocalContainerEntityManagerFactoryBean : Initialized JPA EntityManagerFactory for persistence unit 'default'
2024-06-23T05:07:41.325+02:00  WARN 159535 --- [chatter] [    Test worker] JpaBaseConfiguration$JpaWebConfiguration : spring.jpa.open-in-view is enabled by default. Therefore, database queries may be performed during view rendering. Explicitly configure spring.jpa.open-in-view to disable this warning
2024-06-23T05:07:41.338+02:00  INFO 159535 --- [chatter] [    Test worker] eAuthenticationProviderManagerConfigurer : Global AuthenticationManager configured with AuthenticationProvider bean with name otpAuthenticationProvider
2024-06-23T05:07:41.338+02:00  WARN 159535 --- [chatter] [    Test worker] r$InitializeUserDetailsManagerConfigurer : Global AuthenticationManager configured with an AuthenticationProvider bean. UserDetailsService beans will not be used for username/password login. Consider removing the AuthenticationProvider bean. Alternatively, consider using the UserDetailsService in a manually instantiated DaoAuthenticationProvider.
2024-06-23T05:07:41.672+02:00  INFO 159535 --- [chatter] [    Test worker] o.s.b.t.m.w.SpringBootMockServletContext : Initializing Spring TestDispatcherServlet ''
2024-06-23T05:07:41.672+02:00  INFO 159535 --- [chatter] [    Test worker] o.s.t.web.servlet.TestDispatcherServlet  : Initializing Servlet ''
2024-06-23T05:07:41.673+02:00  INFO 159535 --- [chatter] [    Test worker] o.s.t.web.servlet.TestDispatcherServlet  : Completed initialization in 1 ms
2024-06-23T05:07:41.683+02:00  INFO 159535 --- [chatter] [    Test worker] c.e.c.p.api.AuthRestControllerTest       : Started AuthRestControllerTest in 2.259 seconds (process running for 2.724)
Sent OTP Code: 808946
User code :808946 the generated code is :808946
2024-06-23T05:07:42.484+02:00  INFO 159535 --- [chatter] [    Test worker] c.e.c.p.api.AuthRestController           : Is verified : true
]]></system-out>
  <system-err><![CDATA[WARNING: A Java agent has been loaded dynamically (/home/omarhammad/.gradle/caches/modules-2/files-2.1/net.bytebuddy/byte-buddy-agent/1.14.17/e3c251a39dc90badaf71c83427ba46840f219d8d/byte-buddy-agent-1.14.17.jar)
WARNING: If a serviceability tool is in use, please run with -XX:+EnableDynamicAgentLoading to hide this warning
WARNING: If a serviceability tool is not in use, please run with -Djdk.instrument.traceUsage for more information
WARNING: Dynamic loading of agents will be disallowed by default in a future release
]]></system-err>
</testsuite>
